<?xml version="1.0" encoding="UTF-8"?>
<!-- Generated by org.testng.reporters.JUnitXMLReporter -->
<testsuite ignored="4" hostname="Aparajitha" failures="0" tests="2" name="MyTest2" time="0.032" errors="0" timestamp="2026-06-06T07:28:30 IST">
  <testcase classname="ProjectNew.TestClass1" name="m2" time="0.002"/>
  <testcase classname="ProjectNew.TestClass2" name="m4" time="0.001"/>
  <testcase classname="ProjectNew.TestClass1" name="m1" time="0.0">
    <ignored/>
  </testcase> <!-- m1 -->
  <testcase classname="ProjectNew.BaseTest" name="@BeforeTest BeforeTest" time="0.0">
    <ignored/>
  </testcase> <!-- @BeforeTest BeforeTest -->
  <testcase classname="ProjectNew.BaseTest" name="@AfterTest quit" time="0.0">
    <ignored/>
  </testcase> <!-- @AfterTest quit -->
  <testcase classname="ProjectNew.TestClass2" name="m3" time="0.0">
    <ignored/>
  </testcase> <!-- m3 -->
</testsuite> <!-- MyTest2 -->
