<?xml version="1.0" encoding="UTF-8"?>
<!-- Generated by org.testng.reporters.JUnitXMLReporter -->
<testsuite ignored="4" hostname="Aparajitha" failures="0" tests="2" name="MyTest1" time="0.875" errors="0" timestamp="2026-06-06T07:28:30 IST">
  <testcase classname="ProjectNew.TestClass1" name="m1" time="0.021"/>
  <testcase classname="ProjectNew.TestClass2" name="m3" time="0.003"/>
  <testcase classname="ProjectNew.TestClass1" name="m2" time="0.0">
    <ignored/>
  </testcase> <!-- m2 -->
  <testcase classname="ProjectNew.TestClass2" name="m4" time="0.0">
    <ignored/>
  </testcase> <!-- m4 -->
  <testcase classname="ProjectNew.BaseTest" name="@AfterTest quit" time="0.0">
    <ignored/>
  </testcase> <!-- @AfterTest quit -->
  <testcase classname="ProjectNew.BaseTest" name="@BeforeTest BeforeTest" time="0.0">
    <ignored/>
  </testcase> <!-- @BeforeTest BeforeTest -->
</testsuite> <!-- MyTest1 -->
