<?xml version="1.0" encoding="UTF-8"?>
<!-- Generated by org.testng.reporters.JUnitXMLReporter -->
<testsuite ignored="1" hostname="Aparajitha" failures="0" tests="2" name="SmokeTest" time="0.081" errors="0" timestamp="2026-05-23T19:49:19 IST">
  <testcase classname="Assertions.GroupsDemo" name="login" time="0.009"/>
  <testcase classname="Assertions.GroupsDemo" name="search" time="0.001"/>
  <testcase classname="Assertions.GroupsDemo" name="payment" time="0.0">
    <ignored/>
  </testcase> <!-- payment -->
</testsuite> <!-- SmokeTest -->
