<?xml version="1.0" encoding="UTF-8"?>
<!-- Generated by org.testng.reporters.JUnitXMLReporter -->
<testsuite ignored="0" hostname="Aparajitha" failures="1" tests="3" name="Test123" time="0.276" errors="0" timestamp="2026-05-28T21:58:07 IST">
  <testcase classname="ExtentReports.TestClass" name="m1" time="0.006"/>
  <testcase classname="ExtentReports.TestClass" name="m2" time="0.009">
    <failure type="java.lang.AssertionError" message="expected [true] but found [false]">
      <![CDATA[java.lang.AssertionError: expected [true] but found [false]
at ExtentReports.TestClass.m2(TestClass.java:18)
at java.base/java.util.ArrayList.forEach(ArrayList.java:1511)
... Removed 31 stack frames]]>
    </failure>
  </testcase> <!-- m2 -->
  <testcase classname="ExtentReports.TestClass" name="m3" time="0.0">
    <skipped/>
  </testcase> <!-- m3 -->
</testsuite> <!-- Test123 -->
