<?xml version="1.0" encoding="UTF-8"?>
<!-- Generated by org.testng.reporters.JUnitXMLReporter -->
<testsuite ignored="0" hostname="Aparajitha" failures="1" tests="1" name="Test1" time="0.052" errors="0" timestamp="2026-05-23T15:41:13 IST">
  <testcase classname="Assertions.HardAssertionDemo" name="testLogin" time="0.013">
    <failure type="java.lang.AssertionError" message="expected [B] but found [A]">
      <![CDATA[java.lang.AssertionError: expected [B] but found [A]
at Assertions.HardAssertionDemo.testLogin(HardAssertionDemo.java:17)
at java.base/java.util.ArrayList.forEach(ArrayList.java:1511)
... Removed 33 stack frames]]>
    </failure>
  </testcase> <!-- testLogin -->
</testsuite> <!-- Test1 -->
