<?xml version="1.0" encoding="UTF-8"?>
<testng-results ignored="0" total="2" passed="2" failed="0" skipped="0">
  <reporter-output>
  </reporter-output>
  <suite started-at="2026-08-13T20:11:22 IST" name="My suite" finished-at="2026-08-13T20:11:22 IST" duration-ms="50">
    <groups>
    </groups>
    <test started-at="2026-08-13T20:11:22 IST" name="Test1" finished-at="2026-08-13T20:11:22 IST" duration-ms="50">
      <class name="selenium01.Test001">
        <test-method is-config="true" signature="login()[pri:0, instance:selenium01.Test001@694abbdc]" started-at="2026-08-13T20:11:22 IST" name="login" finished-at="2026-08-13T20:11:22 IST" duration-ms="17" status="PASS">
          <reporter-output>
          </reporter-output>
        </test-method> <!-- login -->
        <test-method signature="test1()[pri:0, instance:selenium01.Test001@694abbdc]" started-at="2026-08-13T20:11:22 IST" name="test1" finished-at="2026-08-13T20:11:22 IST" duration-ms="0" status="PASS">
          <reporter-output>
          </reporter-output>
        </test-method> <!-- test1 -->
      </class> <!-- selenium01.Test001 -->
      <class name="selenium01.Test002">
        <test-method is-config="true" signature="db()[pri:0, instance:selenium01.Test002@359f7cdf]" started-at="2026-08-13T20:11:22 IST" name="db" finished-at="2026-08-13T20:11:22 IST" duration-ms="0" status="PASS">
          <reporter-output>
          </reporter-output>
        </test-method> <!-- db -->
        <test-method signature="test2()[pri:0, instance:selenium01.Test002@359f7cdf]" started-at="2026-08-13T20:11:22 IST" name="test2" finished-at="2026-08-13T20:11:22 IST" duration-ms="0" status="PASS">
          <reporter-output>
          </reporter-output>
        </test-method> <!-- test2 -->
      </class> <!-- selenium01.Test002 -->
    </test> <!-- Test1 -->
  </suite> <!-- My suite -->
</testng-results>
