<?xml version="1.0" encoding="UTF-8"?>
<!-- Generated by org.testng.reporters.JUnitXMLReporter -->
<testsuite ignored="7" hostname="Aparajitha" failures="1" tests="3" name="MyTest3" time="0.717" errors="0" timestamp="2026-06-04T21:15:55 IST">
  <testcase classname="Project.TestClass1" name="m2" time="0.012"/>
  <testcase classname="Project.TestClass3" name="m5" time="0.004">
    <failure type="java.lang.AssertionError" message="The following asserts failed:
	Strings not equal,
	Qty mismatch">
      <![CDATA[java.lang.AssertionError: The following asserts failed:
Strings not equal,
Qty mismatch
at Project.ApplicationKeywords.assertAll(ApplicationKeywords.java:40)
at Project.TestClass3.m5(TestClass3.java:18)
at java.base/java.util.ArrayList.forEach(ArrayList.java:1511)
... Removed 29 stack frames]]>
    </failure>
  </testcase> <!-- m5 -->
  <testcase classname="Project.TestClass2" name="m3" time="0.003"/>
  <testcase classname="Project.BaseTest" name="@BeforeTest BeforeTest" time="0.0">
    <ignored/>
  </testcase> <!-- @BeforeTest BeforeTest -->
  <testcase classname="Project.TestClass2" name="m4" time="0.0">
    <ignored/>
  </testcase> <!-- m4 -->
  <testcase classname="Project.BaseTest" name="@AfterTest quit" time="0.0">
    <ignored/>
  </testcase> <!-- @AfterTest quit -->
  <testcase classname="Project.BaseTest" name="@BeforeTest BeforeTest" time="0.0">
    <ignored/>
  </testcase> <!-- @BeforeTest BeforeTest -->
  <testcase classname="Project.BaseTest" name="@AfterTest quit" time="0.0">
    <ignored/>
  </testcase> <!-- @AfterTest quit -->
  <testcase classname="Project.TestClass1" name="m1" time="0.0">
    <ignored/>
  </testcase> <!-- m1 -->
  <testcase classname="Project.TestClass3" name="m6" time="0.0">
    <ignored/>
  </testcase> <!-- m6 -->
</testsuite> <!-- MyTest3 -->
