<?xml version="1.0" encoding="UTF-8"?>
<!-- Generated by org.testng.reporters.JUnitXMLReporter -->
<testsuite ignored="7" hostname="Aparajitha" failures="1" tests="3" name="MyTest4" time="0.502" errors="0" timestamp="2026-06-04T20:13:29 IST">
  <testcase classname="Project.BaseTest" name="@BeforeMethod BeforeMethod" time="0.001">
    <skipped/>
  </testcase> <!-- @BeforeMethod BeforeMethod -->
  <testcase classname="Project.BaseTest" name="@AfterMethod afterMethod" time="0.0">
    <skipped/>
  </testcase> <!-- @AfterMethod afterMethod -->
  <testcase classname="Project.TestClass1" name="m2" time="0.006"/>
  <testcase classname="Project.TestClass3" name="m6" time="0.002">
    <failure type="java.lang.AssertionError" message="The following asserts failed:
	Strings not equal">
      <![CDATA[java.lang.AssertionError: The following asserts failed:
Strings not equal
at Project.ApplicationKeywords.reportFailure(ApplicationKeywords.java:34)
at Project.TestClass3.m6(TestClass3.java:29)
at java.base/java.util.ArrayList.forEach(ArrayList.java:1511)
... Removed 29 stack frames]]>
    </failure>
  </testcase> <!-- m6 -->
  <testcase classname="Project.TestClass2" name="m3" time="0.0">
    <skipped/>
  </testcase> <!-- m3 -->
  <testcase classname="Project.BaseTest" name="@BeforeTest BeforeTest" time="0.0">
    <ignored/>
  </testcase> <!-- @BeforeTest BeforeTest -->
  <testcase classname="Project.BaseTest" name="@AfterTest quit" time="0.0">
    <ignored/>
  </testcase> <!-- @AfterTest quit -->
  <testcase classname="Project.BaseTest" name="@BeforeTest BeforeTest" time="0.0">
    <ignored/>
  </testcase> <!-- @BeforeTest BeforeTest -->
  <testcase classname="Project.TestClass3" name="m5" time="0.0">
    <ignored/>
  </testcase> <!-- m5 -->
  <testcase classname="Project.BaseTest" name="@AfterTest quit" time="0.0">
    <ignored/>
  </testcase> <!-- @AfterTest quit -->
  <testcase classname="Project.TestClass1" name="m1" time="0.0">
    <ignored/>
  </testcase> <!-- m1 -->
  <testcase classname="Project.TestClass2" name="m4" time="0.0">
    <ignored/>
  </testcase> <!-- m4 -->
</testsuite> <!-- MyTest4 -->
