<?xml version="1.0" encoding="UTF-8"?>
<!-- Generated by org.testng.reporters.JUnitReportReporter -->
<testsuite hostname="Aparajitha" failures="0" tests="3" name="Parameterization.ParametersDemo2" time="0.034" errors="0" timestamp="2026-05-30T21:04:16 IST" skipped="0">
  <testcase classname="Parameterization.ParametersDemo2" name="launchBrowser" time="0.012"/>
  <testcase classname="Parameterization.ParametersDemo2" name="launchBrowser" time="0.011"/>
  <testcase classname="Parameterization.ParametersDemo2" name="launchBrowser" time="0.011"/>
</testsuite> <!-- Parameterization.ParametersDemo2 -->
