<?xml version="1.0" encoding="UTF-8"?>
<!-- Generated by org.testng.reporters.JUnitReportReporter -->
<testsuite hostname="Aparajitha" failures="0" tests="4" name="ProjectNew.TestClass2" time="0.009" errors="0" timestamp="2026-06-06T07:28:31 IST" skipped="1">
  <testcase classname="ProjectNew.TestClass2" name="m3" time="0.000">
    <skipped/>
  </testcase> <!-- m3 -->
  <testcase classname="ProjectNew.TestClass2" name="m4" time="0.001"/>
  <testcase classname="ProjectNew.TestClass2" name="m3" time="0.005"/>
  <testcase classname="ProjectNew.TestClass2" name="m3" time="0.003"/>
</testsuite> <!-- ProjectNew.TestClass2 -->
