<?xml version="1.0" encoding="UTF-8"?>
<!-- Generated by org.testng.reporters.JUnitReportReporter -->
<testsuite hostname="Aparajitha" failures="0" tests="4" name="Project.TestClass1" time="0.020" errors="0" timestamp="2026-06-04T22:12:23 IST" skipped="0">
  <testcase classname="Project.TestClass1" name="m2" time="0.003"/>
  <testcase classname="Project.TestClass1" name="m2" time="0.003"/>
  <testcase classname="Project.TestClass1" name="m2" time="0.003"/>
  <testcase classname="Project.TestClass1" name="m1" time="0.011"/>
</testsuite> <!-- Project.TestClass1 -->
