<?xml version="1.0" encoding="UTF-8"?>
<!-- Generated by org.testng.reporters.JUnitReportReporter -->
<testsuite hostname="Aparajitha" failures="0" tests="3" name="Parameterization.DataProviderDemo" time="0.007" errors="0" timestamp="2026-05-24T20:11:27 IST" skipped="0">
  <testcase classname="Parameterization.DataProviderDemo" name="loginTest" time="0.001"/>
  <testcase classname="Parameterization.DataProviderDemo" name="loginTest" time="0.002"/>
  <testcase classname="Parameterization.DataProviderDemo" name="loginTest" time="0.004"/>
</testsuite> <!-- Parameterization.DataProviderDemo -->
