<?xml version="1.0" encoding="UTF-8"?>
<!-- Generated by org.testng.reporters.JUnitReportReporter -->
<testsuite hostname="Aparajitha" failures="0" tests="2" name="Parameterization.DataProviderDemo3" time="0.007" errors="0" timestamp="2026-05-26T17:32:46 IST" skipped="0">
  <testcase classname="Parameterization.DataProviderDemo3" name="loginTest" time="0.001"/>
  <testcase classname="Parameterization.DataProviderDemo3" name="loginTest" time="0.006"/>
</testsuite> <!-- Parameterization.DataProviderDemo3 -->
