<?xml version="1.0" encoding="UTF-8"?>
<!-- Generated by org.testng.reporters.JUnitReportReporter -->
<testsuite hostname="Aparajitha" failures="0" tests="3" name="Parameterization.DataProviderDemo2" time="0.012" errors="0" timestamp="2026-05-24T21:21:17 IST" skipped="0">
  <testcase classname="Parameterization.DataProviderDemo2" name="loginTest" time="0.004"/>
  <testcase classname="Parameterization.DataProviderDemo2" name="loginTest" time="0.001"/>
  <testcase classname="Parameterization.DataProviderDemo2" name="loginTest" time="0.007"/>
</testsuite> <!-- Parameterization.DataProviderDemo2 -->
