<?xml version="1.0" encoding="UTF-8"?>
<!-- Generated by org.testng.reporters.JUnitReportReporter -->
<testsuite hostname="Aparajitha" failures="0" tests="4" name="ProjectNew.TestClass1" time="0.032" errors="0" timestamp="2026-06-06T07:28:31 IST" skipped="0">
  <testcase classname="ProjectNew.TestClass1" name="m2" time="0.003"/>
  <testcase classname="ProjectNew.TestClass1" name="m2" time="0.003"/>
  <testcase classname="ProjectNew.TestClass1" name="m2" time="0.002"/>
  <testcase classname="ProjectNew.TestClass1" name="m1" time="0.024"/>
</testsuite> <!-- ProjectNew.TestClass1 -->
