<?xml version="1.0" encoding="UTF-8"?>
<!-- Generated by org.testng.reporters.JUnitReportReporter -->
<testsuite hostname="Aparajitha" failures="0" tests="4" name="Project.TestClass2" time="0.007" errors="0" timestamp="2026-06-04T22:12:23 IST" skipped="1">
  <testcase classname="Project.TestClass2" name="m3" time="0.000">
    <skipped/>
  </testcase> <!-- m3 -->
  <testcase classname="Project.TestClass2" name="m4" time="0.003"/>
  <testcase classname="Project.TestClass2" name="m3" time="0.003"/>
  <testcase classname="Project.TestClass2" name="m3" time="0.001"/>
</testsuite> <!-- Project.TestClass2 -->
